[1.156s] Invoking command in '/home/ouy/rosfile/src/getter': DEBUGINFOD_URLS=https://debuginfod.ubuntu.com PYTHONPATH=/home/ouy/rosfile/build/getter/prefix_override:/usr/lib/python3/dist-packages/colcon_core/task/python/colcon_distutils_commands:/home/ouy/rosfile/install/getter/lib/python3.12/site-packages:${PYTHONPATH} /usr/bin/python3 -W ignore:setup.py install is deprecated -W ignore:easy_install command is deprecated setup.py egg_info --egg-base ../../build/getter build --build-base /home/ouy/rosfile/build/getter/build install --record /home/ouy/rosfile/build/getter/install.log --single-version-externally-managed install_data
[1.397s] running egg_info
[1.411s] writing ../../build/getter/getter.egg-info/PKG-INFO
[1.412s] writing dependency_links to ../../build/getter/getter.egg-info/dependency_links.txt
[1.412s] writing entry points to ../../build/getter/getter.egg-info/entry_points.txt
[1.412s] writing requirements to ../../build/getter/getter.egg-info/requires.txt
[1.412s] writing top-level names to ../../build/getter/getter.egg-info/top_level.txt
[1.460s] reading manifest file '../../build/getter/getter.egg-info/SOURCES.txt'
[1.461s] writing manifest file '../../build/getter/getter.egg-info/SOURCES.txt'
[1.461s] running build
[1.461s] running build_py
[1.461s] copying getter/getter.py -> /home/ouy/rosfile/build/getter/build/lib/getter
[1.462s] running install
[1.468s] running install_lib
[1.483s] copying /home/ouy/rosfile/build/getter/build/lib/getter/getter.py -> /home/ouy/rosfile/install/getter/lib/python3.12/site-packages/getter
[1.483s] byte-compiling /home/ouy/rosfile/install/getter/lib/python3.12/site-packages/getter/getter.py to getter.cpython-312.pyc
[1.484s] running install_data
[1.484s] running install_egg_info
[1.500s] removing '/home/ouy/rosfile/install/getter/lib/python3.12/site-packages/getter-0.0.0-py3.12.egg-info' (and everything under it)
[1.500s] Copying ../../build/getter/getter.egg-info to /home/ouy/rosfile/install/getter/lib/python3.12/site-packages/getter-0.0.0-py3.12.egg-info
[1.501s] running install_scripts
[1.636s] Installing getter script to /home/ouy/rosfile/install/getter/lib/getter
[1.637s] writing list of installed files to '/home/ouy/rosfile/build/getter/install.log'
[1.706s] Invoked command in '/home/ouy/rosfile/src/getter' returned '0': DEBUGINFOD_URLS=https://debuginfod.ubuntu.com PYTHONPATH=/home/ouy/rosfile/build/getter/prefix_override:/usr/lib/python3/dist-packages/colcon_core/task/python/colcon_distutils_commands:/home/ouy/rosfile/install/getter/lib/python3.12/site-packages:${PYTHONPATH} /usr/bin/python3 -W ignore:setup.py install is deprecated -W ignore:easy_install command is deprecated setup.py egg_info --egg-base ../../build/getter build --build-base /home/ouy/rosfile/build/getter/build install --record /home/ouy/rosfile/build/getter/install.log --single-version-externally-managed install_data
