[1.200s] Invoking command in '/home/ouy/rosfile/src/getter': DEBUGINFOD_URLS=https://debuginfod.ubuntu.com PYTHONPATH=/home/ouy/rosfile/build/getter/prefix_override:/usr/lib/python3/dist-packages/colcon_core/task/python/colcon_distutils_commands:/home/ouy/rosfile/install/getter/lib/python3.12/site-packages:${PYTHONPATH} /usr/bin/python3 -W ignore:setup.py install is deprecated -W ignore:easy_install command is deprecated setup.py egg_info --egg-base ../../build/getter build --build-base /home/ouy/rosfile/build/getter/build install --record /home/ouy/rosfile/build/getter/install.log --single-version-externally-managed install_data
[1.465s] running egg_info
[1.481s] writing ../../build/getter/getter.egg-info/PKG-INFO
[1.482s] writing dependency_links to ../../build/getter/getter.egg-info/dependency_links.txt
[1.482s] writing entry points to ../../build/getter/getter.egg-info/entry_points.txt
[1.482s] writing requirements to ../../build/getter/getter.egg-info/requires.txt
[1.482s] writing top-level names to ../../build/getter/getter.egg-info/top_level.txt
[1.520s] reading manifest file '../../build/getter/getter.egg-info/SOURCES.txt'
[1.521s] writing manifest file '../../build/getter/getter.egg-info/SOURCES.txt'
[1.521s] running build
[1.521s] running build_py
[1.521s] running install
[1.529s] running install_lib
[1.545s] running install_data
[1.546s] running install_egg_info
[1.564s] removing '/home/ouy/rosfile/install/getter/lib/python3.12/site-packages/getter-0.0.0-py3.12.egg-info' (and everything under it)
[1.564s] Copying ../../build/getter/getter.egg-info to /home/ouy/rosfile/install/getter/lib/python3.12/site-packages/getter-0.0.0-py3.12.egg-info
[1.564s] running install_scripts
[1.690s] Installing getter script to /home/ouy/rosfile/install/getter/lib/getter
[1.690s] writing list of installed files to '/home/ouy/rosfile/build/getter/install.log'
[1.751s] Invoked command in '/home/ouy/rosfile/src/getter' returned '0': DEBUGINFOD_URLS=https://debuginfod.ubuntu.com PYTHONPATH=/home/ouy/rosfile/build/getter/prefix_override:/usr/lib/python3/dist-packages/colcon_core/task/python/colcon_distutils_commands:/home/ouy/rosfile/install/getter/lib/python3.12/site-packages:${PYTHONPATH} /usr/bin/python3 -W ignore:setup.py install is deprecated -W ignore:easy_install command is deprecated setup.py egg_info --egg-base ../../build/getter build --build-base /home/ouy/rosfile/build/getter/build install --record /home/ouy/rosfile/build/getter/install.log --single-version-externally-managed install_data
