running egg_info
creating ../../build/getter/getter.egg-info
writing ../../build/getter/getter.egg-info/PKG-INFO
writing dependency_links to ../../build/getter/getter.egg-info/dependency_links.txt
writing entry points to ../../build/getter/getter.egg-info/entry_points.txt
writing requirements to ../../build/getter/getter.egg-info/requires.txt
writing top-level names to ../../build/getter/getter.egg-info/top_level.txt
writing manifest file '../../build/getter/getter.egg-info/SOURCES.txt'
reading manifest file '../../build/getter/getter.egg-info/SOURCES.txt'
writing manifest file '../../build/getter/getter.egg-info/SOURCES.txt'
running build
running build_py
creating /home/ouy/rosfile/build/getter/build
creating /home/ouy/rosfile/build/getter/build/lib
creating /home/ouy/rosfile/build/getter/build/lib/getter
copying getter/getter.py -> /home/ouy/rosfile/build/getter/build/lib/getter
copying getter/__init__.py -> /home/ouy/rosfile/build/getter/build/lib/getter
running install
running install_lib
creating /home/ouy/rosfile/install/getter/lib/python3.12/site-packages/getter
copying /home/ouy/rosfile/build/getter/build/lib/getter/getter.py -> /home/ouy/rosfile/install/getter/lib/python3.12/site-packages/getter
copying /home/ouy/rosfile/build/getter/build/lib/getter/__init__.py -> /home/ouy/rosfile/install/getter/lib/python3.12/site-packages/getter
byte-compiling /home/ouy/rosfile/install/getter/lib/python3.12/site-packages/getter/getter.py to getter.cpython-312.pyc
byte-compiling /home/ouy/rosfile/install/getter/lib/python3.12/site-packages/getter/__init__.py to __init__.cpython-312.pyc
running install_data
creating /home/ouy/rosfile/install/getter/share/ament_index
creating /home/ouy/rosfile/install/getter/share/ament_index/resource_index
creating /home/ouy/rosfile/install/getter/share/ament_index/resource_index/packages
copying resource/getter -> /home/ouy/rosfile/install/getter/share/ament_index/resource_index/packages
copying package.xml -> /home/ouy/rosfile/install/getter/share/getter
running install_egg_info
Copying ../../build/getter/getter.egg-info to /home/ouy/rosfile/install/getter/lib/python3.12/site-packages/getter-0.0.0-py3.12.egg-info
running install_scripts
Installing getter script to /home/ouy/rosfile/install/getter/lib/getter
writing list of installed files to '/home/ouy/rosfile/build/getter/install.log'
