[1.176s] Invoking command in '/home/ouy/rosfile/src/player': DEBUGINFOD_URLS=https://debuginfod.ubuntu.com PYTHONPATH=/home/ouy/rosfile/build/player/prefix_override:/usr/lib/python3/dist-packages/colcon_core/task/python/colcon_distutils_commands:/home/ouy/rosfile/install/player/lib/python3.12/site-packages:${PYTHONPATH} /usr/bin/python3 -W ignore:setup.py install is deprecated -W ignore:easy_install command is deprecated setup.py egg_info --egg-base ../../build/player build --build-base /home/ouy/rosfile/build/player/build install --record /home/ouy/rosfile/build/player/install.log --single-version-externally-managed install_data
[1.434s] running egg_info
[1.453s] writing ../../build/player/player.egg-info/PKG-INFO
[1.453s] writing dependency_links to ../../build/player/player.egg-info/dependency_links.txt
[1.454s] writing entry points to ../../build/player/player.egg-info/entry_points.txt
[1.454s] writing requirements to ../../build/player/player.egg-info/requires.txt
[1.455s] writing top-level names to ../../build/player/player.egg-info/top_level.txt
[1.495s] reading manifest file '../../build/player/player.egg-info/SOURCES.txt'
[1.495s] writing manifest file '../../build/player/player.egg-info/SOURCES.txt'
[1.496s] running build
[1.496s] running build_py
[1.496s] running install
[1.502s] running install_lib
[1.520s] running install_data
[1.520s] running install_egg_info
[1.544s] removing '/home/ouy/rosfile/install/player/lib/python3.12/site-packages/player-0.0.0-py3.12.egg-info' (and everything under it)
[1.544s] Copying ../../build/player/player.egg-info to /home/ouy/rosfile/install/player/lib/python3.12/site-packages/player-0.0.0-py3.12.egg-info
[1.545s] running install_scripts
[1.659s] Installing player script to /home/ouy/rosfile/install/player/lib/player
[1.659s] writing list of installed files to '/home/ouy/rosfile/build/player/install.log'
[1.708s] Invoked command in '/home/ouy/rosfile/src/player' returned '0': DEBUGINFOD_URLS=https://debuginfod.ubuntu.com PYTHONPATH=/home/ouy/rosfile/build/player/prefix_override:/usr/lib/python3/dist-packages/colcon_core/task/python/colcon_distutils_commands:/home/ouy/rosfile/install/player/lib/python3.12/site-packages:${PYTHONPATH} /usr/bin/python3 -W ignore:setup.py install is deprecated -W ignore:easy_install command is deprecated setup.py egg_info --egg-base ../../build/player build --build-base /home/ouy/rosfile/build/player/build install --record /home/ouy/rosfile/build/player/install.log --single-version-externally-managed install_data
