[1.247s] Invoking command in '/home/ouy/rosfile/src/getter': DEBUGINFOD_URLS=https://debuginfod.ubuntu.com PYTHONPATH=/home/ouy/rosfile/build/getter/prefix_override:/usr/lib/python3/dist-packages/colcon_core/task/python/colcon_distutils_commands:/home/ouy/rosfile/install/getter/lib/python3.12/site-packages:${PYTHONPATH} /usr/bin/python3 -W ignore:setup.py install is deprecated -W ignore:easy_install command is deprecated setup.py egg_info --egg-base ../../build/getter build --build-base /home/ouy/rosfile/build/getter/build install --record /home/ouy/rosfile/build/getter/install.log --single-version-externally-managed install_data
[1.490s] running egg_info
[1.508s] writing ../../build/getter/getter.egg-info/PKG-INFO
[1.509s] writing dependency_links to ../../build/getter/getter.egg-info/dependency_links.txt
[1.509s] writing entry points to ../../build/getter/getter.egg-info/entry_points.txt
[1.510s] writing requirements to ../../build/getter/getter.egg-info/requires.txt
[1.510s] writing top-level names to ../../build/getter/getter.egg-info/top_level.txt
[1.540s] reading manifest file '../../build/getter/getter.egg-info/SOURCES.txt'
[1.542s] writing manifest file '../../build/getter/getter.egg-info/SOURCES.txt'
[1.542s] running build
[1.542s] running build_py
[1.542s] copying getter/getter.py -> /home/ouy/rosfile/build/getter/build/lib/getter
[1.543s] running install
[1.548s] running install_lib
[1.564s] copying /home/ouy/rosfile/build/getter/build/lib/getter/getter.py -> /home/ouy/rosfile/install/getter/lib/python3.12/site-packages/getter
[1.564s] byte-compiling /home/ouy/rosfile/install/getter/lib/python3.12/site-packages/getter/getter.py to getter.cpython-312.pyc
[1.564s] running install_data
[1.565s] running install_egg_info
[1.582s] removing '/home/ouy/rosfile/install/getter/lib/python3.12/site-packages/getter-0.0.0-py3.12.egg-info' (and everything under it)
[1.582s] Copying ../../build/getter/getter.egg-info to /home/ouy/rosfile/install/getter/lib/python3.12/site-packages/getter-0.0.0-py3.12.egg-info
[1.583s] running install_scripts
[1.695s] Installing getter script to /home/ouy/rosfile/install/getter/lib/getter
[1.695s] writing list of installed files to '/home/ouy/rosfile/build/getter/install.log'
[1.763s] Invoked command in '/home/ouy/rosfile/src/getter' returned '0': DEBUGINFOD_URLS=https://debuginfod.ubuntu.com PYTHONPATH=/home/ouy/rosfile/build/getter/prefix_override:/usr/lib/python3/dist-packages/colcon_core/task/python/colcon_distutils_commands:/home/ouy/rosfile/install/getter/lib/python3.12/site-packages:${PYTHONPATH} /usr/bin/python3 -W ignore:setup.py install is deprecated -W ignore:easy_install command is deprecated setup.py egg_info --egg-base ../../build/getter build --build-base /home/ouy/rosfile/build/getter/build install --record /home/ouy/rosfile/build/getter/install.log --single-version-externally-managed install_data
