running egg_info
writing ../../build/player/player.egg-info/PKG-INFO
writing dependency_links to ../../build/player/player.egg-info/dependency_links.txt
writing entry points to ../../build/player/player.egg-info/entry_points.txt
writing requirements to ../../build/player/player.egg-info/requires.txt
writing top-level names to ../../build/player/player.egg-info/top_level.txt
reading manifest file '../../build/player/player.egg-info/SOURCES.txt'
writing manifest file '../../build/player/player.egg-info/SOURCES.txt'
running build
running build_py
copying player/player.py -> /home/ouy/rosfile/build/player/build/lib/player
running install
running install_lib
copying /home/ouy/rosfile/build/player/build/lib/player/player.py -> /home/ouy/rosfile/install/player/lib/python3.12/site-packages/player
byte-compiling /home/ouy/rosfile/install/player/lib/python3.12/site-packages/player/player.py to player.cpython-312.pyc
running install_data
running install_egg_info
removing '/home/ouy/rosfile/install/player/lib/python3.12/site-packages/player-0.0.0-py3.12.egg-info' (and everything under it)
Copying ../../build/player/player.egg-info to /home/ouy/rosfile/install/player/lib/python3.12/site-packages/player-0.0.0-py3.12.egg-info
running install_scripts
Installing player script to /home/ouy/rosfile/install/player/lib/player
writing list of installed files to '/home/ouy/rosfile/build/player/install.log'
