[0.851s] Invoking command in '/home/ouy/rosfile/src/player': DEBUGINFOD_URLS=https://debuginfod.ubuntu.com PYTHONPATH=/home/ouy/rosfile/build/player/prefix_override:/usr/lib/python3/dist-packages/colcon_core/task/python/colcon_distutils_commands:/home/ouy/rosfile/install/player/lib/python3.12/site-packages:${PYTHONPATH} /usr/bin/python3 -W ignore:setup.py install is deprecated -W ignore:easy_install command is deprecated setup.py egg_info --egg-base ../../build/player build --build-base /home/ouy/rosfile/build/player/build install --record /home/ouy/rosfile/build/player/install.log --single-version-externally-managed install_data
[1.059s] running egg_info
[1.073s] writing ../../build/player/player.egg-info/PKG-INFO
[1.074s] writing dependency_links to ../../build/player/player.egg-info/dependency_links.txt
[1.074s] writing entry points to ../../build/player/player.egg-info/entry_points.txt
[1.074s] writing requirements to ../../build/player/player.egg-info/requires.txt
[1.074s] writing top-level names to ../../build/player/player.egg-info/top_level.txt
[1.105s] reading manifest file '../../build/player/player.egg-info/SOURCES.txt'
[1.106s] writing manifest file '../../build/player/player.egg-info/SOURCES.txt'
[1.106s] running build
[1.106s] running build_py
[1.106s] copying player/player.py -> /home/ouy/rosfile/build/player/build/lib/player
[1.107s] running install
[1.112s] running install_lib
[1.126s] copying /home/ouy/rosfile/build/player/build/lib/player/player.py -> /home/ouy/rosfile/install/player/lib/python3.12/site-packages/player
[1.126s] byte-compiling /home/ouy/rosfile/install/player/lib/python3.12/site-packages/player/player.py to player.cpython-312.pyc
[1.127s] running install_data
[1.127s] running install_egg_info
[1.142s] removing '/home/ouy/rosfile/install/player/lib/python3.12/site-packages/player-0.0.0-py3.12.egg-info' (and everything under it)
[1.142s] Copying ../../build/player/player.egg-info to /home/ouy/rosfile/install/player/lib/python3.12/site-packages/player-0.0.0-py3.12.egg-info
[1.142s] running install_scripts
[1.252s] Installing player script to /home/ouy/rosfile/install/player/lib/player
[1.253s] writing list of installed files to '/home/ouy/rosfile/build/player/install.log'
[1.307s] Invoked command in '/home/ouy/rosfile/src/player' returned '0': DEBUGINFOD_URLS=https://debuginfod.ubuntu.com PYTHONPATH=/home/ouy/rosfile/build/player/prefix_override:/usr/lib/python3/dist-packages/colcon_core/task/python/colcon_distutils_commands:/home/ouy/rosfile/install/player/lib/python3.12/site-packages:${PYTHONPATH} /usr/bin/python3 -W ignore:setup.py install is deprecated -W ignore:easy_install command is deprecated setup.py egg_info --egg-base ../../build/player build --build-base /home/ouy/rosfile/build/player/build install --record /home/ouy/rosfile/build/player/install.log --single-version-externally-managed install_data
