running egg_info
creating ../../build/publisher/publisher.egg-info
writing ../../build/publisher/publisher.egg-info/PKG-INFO
writing dependency_links to ../../build/publisher/publisher.egg-info/dependency_links.txt
writing entry points to ../../build/publisher/publisher.egg-info/entry_points.txt
writing requirements to ../../build/publisher/publisher.egg-info/requires.txt
writing top-level names to ../../build/publisher/publisher.egg-info/top_level.txt
writing manifest file '../../build/publisher/publisher.egg-info/SOURCES.txt'
reading manifest file '../../build/publisher/publisher.egg-info/SOURCES.txt'
writing manifest file '../../build/publisher/publisher.egg-info/SOURCES.txt'
running build
running build_py
creating /home/ouy/rosfile/build/publisher/build
creating /home/ouy/rosfile/build/publisher/build/lib
creating /home/ouy/rosfile/build/publisher/build/lib/publisher
copying publisher/publisher.py -> /home/ouy/rosfile/build/publisher/build/lib/publisher
copying publisher/__init__.py -> /home/ouy/rosfile/build/publisher/build/lib/publisher
running install
running install_lib
creating /home/ouy/rosfile/install/publisher/lib/python3.12/site-packages/publisher
copying /home/ouy/rosfile/build/publisher/build/lib/publisher/publisher.py -> /home/ouy/rosfile/install/publisher/lib/python3.12/site-packages/publisher
copying /home/ouy/rosfile/build/publisher/build/lib/publisher/__init__.py -> /home/ouy/rosfile/install/publisher/lib/python3.12/site-packages/publisher
byte-compiling /home/ouy/rosfile/install/publisher/lib/python3.12/site-packages/publisher/publisher.py to publisher.cpython-312.pyc
byte-compiling /home/ouy/rosfile/install/publisher/lib/python3.12/site-packages/publisher/__init__.py to __init__.cpython-312.pyc
running install_data
creating /home/ouy/rosfile/install/publisher/share/ament_index
creating /home/ouy/rosfile/install/publisher/share/ament_index/resource_index
creating /home/ouy/rosfile/install/publisher/share/ament_index/resource_index/packages
copying resource/publisher -> /home/ouy/rosfile/install/publisher/share/ament_index/resource_index/packages
copying package.xml -> /home/ouy/rosfile/install/publisher/share/publisher
running install_egg_info
Copying ../../build/publisher/publisher.egg-info to /home/ouy/rosfile/install/publisher/lib/python3.12/site-packages/publisher-0.0.0-py3.12.egg-info
running install_scripts
Installing publisher script to /home/ouy/rosfile/install/publisher/lib/publisher
writing list of installed files to '/home/ouy/rosfile/build/publisher/install.log'
