[0.805s] Invoking command in '/home/ouy/rosfile/src/publisher': DEBUGINFOD_URLS=https://debuginfod.ubuntu.com PYTHONPATH=/home/ouy/rosfile/build/publisher/prefix_override:/usr/lib/python3/dist-packages/colcon_core/task/python/colcon_distutils_commands:/home/ouy/rosfile/install/publisher/lib/python3.12/site-packages:${PYTHONPATH} /usr/bin/python3 -W ignore:setup.py install is deprecated -W ignore:easy_install command is deprecated setup.py egg_info --egg-base ../../build/publisher build --build-base /home/ouy/rosfile/build/publisher/build install --record /home/ouy/rosfile/build/publisher/install.log --single-version-externally-managed install_data
[1.011s] running egg_info
[1.012s] creating ../../build/publisher/publisher.egg-info
[1.024s] writing ../../build/publisher/publisher.egg-info/PKG-INFO
[1.024s] writing dependency_links to ../../build/publisher/publisher.egg-info/dependency_links.txt
[1.024s] writing entry points to ../../build/publisher/publisher.egg-info/entry_points.txt
[1.025s] writing requirements to ../../build/publisher/publisher.egg-info/requires.txt
[1.025s] writing top-level names to ../../build/publisher/publisher.egg-info/top_level.txt
[1.025s] writing manifest file '../../build/publisher/publisher.egg-info/SOURCES.txt'
[1.052s] reading manifest file '../../build/publisher/publisher.egg-info/SOURCES.txt'
[1.052s] writing manifest file '../../build/publisher/publisher.egg-info/SOURCES.txt'
[1.053s] running build
[1.053s] running build_py
[1.053s] creating /home/ouy/rosfile/build/publisher/build
[1.053s] creating /home/ouy/rosfile/build/publisher/build/lib
[1.053s] creating /home/ouy/rosfile/build/publisher/build/lib/publisher
[1.053s] copying publisher/publisher.py -> /home/ouy/rosfile/build/publisher/build/lib/publisher
[1.053s] copying publisher/__init__.py -> /home/ouy/rosfile/build/publisher/build/lib/publisher
[1.053s] running install
[1.060s] running install_lib
[1.074s] creating /home/ouy/rosfile/install/publisher/lib/python3.12/site-packages/publisher
[1.074s] copying /home/ouy/rosfile/build/publisher/build/lib/publisher/publisher.py -> /home/ouy/rosfile/install/publisher/lib/python3.12/site-packages/publisher
[1.074s] copying /home/ouy/rosfile/build/publisher/build/lib/publisher/__init__.py -> /home/ouy/rosfile/install/publisher/lib/python3.12/site-packages/publisher
[1.074s] byte-compiling /home/ouy/rosfile/install/publisher/lib/python3.12/site-packages/publisher/publisher.py to publisher.cpython-312.pyc
[1.075s] byte-compiling /home/ouy/rosfile/install/publisher/lib/python3.12/site-packages/publisher/__init__.py to __init__.cpython-312.pyc
[1.075s] running install_data
[1.075s] creating /home/ouy/rosfile/install/publisher/share/ament_index
[1.075s] creating /home/ouy/rosfile/install/publisher/share/ament_index/resource_index
[1.075s] creating /home/ouy/rosfile/install/publisher/share/ament_index/resource_index/packages
[1.075s] copying resource/publisher -> /home/ouy/rosfile/install/publisher/share/ament_index/resource_index/packages
[1.075s] copying package.xml -> /home/ouy/rosfile/install/publisher/share/publisher
[1.076s] running install_egg_info
[1.091s] Copying ../../build/publisher/publisher.egg-info to /home/ouy/rosfile/install/publisher/lib/python3.12/site-packages/publisher-0.0.0-py3.12.egg-info
[1.092s] running install_scripts
[1.191s] Installing publisher script to /home/ouy/rosfile/install/publisher/lib/publisher
[1.191s] writing list of installed files to '/home/ouy/rosfile/build/publisher/install.log'
[1.219s] Invoked command in '/home/ouy/rosfile/src/publisher' returned '0': DEBUGINFOD_URLS=https://debuginfod.ubuntu.com PYTHONPATH=/home/ouy/rosfile/build/publisher/prefix_override:/usr/lib/python3/dist-packages/colcon_core/task/python/colcon_distutils_commands:/home/ouy/rosfile/install/publisher/lib/python3.12/site-packages:${PYTHONPATH} /usr/bin/python3 -W ignore:setup.py install is deprecated -W ignore:easy_install command is deprecated setup.py egg_info --egg-base ../../build/publisher build --build-base /home/ouy/rosfile/build/publisher/build install --record /home/ouy/rosfile/build/publisher/install.log --single-version-externally-managed install_data
